21:02:39 **** Clean-only build of configuration Debug for project assemblyLine ****
make clean 
rm -rf  ./src/error_handling.o ./src/freertos_tcp_perf_client.o ./src/i2c_access.o ./src/iic_phyreset.o ./src/key.o ./src/limit_switch.o ./src/main.o ./src/message_center.o ./src/platform.o ./src/platform_mb.o ./src/platform_ppc.o ./src/platform_zynqmp.o ./src/robotic_arm.o ./src/sfp.o ./src/si5324.o ./src/state_machine.o ./src/stepper_motor.o ./src/three_axes_platform.o  ./src/error_handling.d ./src/freertos_tcp_perf_client.d ./src/i2c_access.d ./src/iic_phyreset.d ./src/key.d ./src/limit_switch.d ./src/main.d ./src/message_center.d ./src/platform.d ./src/platform_mb.d ./src/platform_ppc.d ./src/platform_zynqmp.d ./src/robotic_arm.d ./src/sfp.d ./src/si5324.d ./src/state_machine.d ./src/stepper_motor.d ./src/three_axes_platform.d  assemblyLine.elf.size  assemblyLine.elf
' '
21:02:40 **** Build of configuration Debug for project assemblyLine ****
make pre-build main-build 
a9-linaro-pre-build-step
' '
'Building file: ../src/error_handling.c'
'Invoking: ARM v7 gcc compiler'
arm-none-eabi-gcc -Wall -O0 -g3 -c -fmessage-length=0 -MT"src/error_handling.o" -mcpu=cortex-a9 -mfpu=vfpv3 -mfloat-abi=hard -I../../assemblyLine_bsp/ps7_cortexa9_0/include -MMD -MP -MF"src/error_handling.d" -MT"src/error_handling.o" -o "src/error_handling.o" "../src/error_handling.c"
../src/error_handling.c: In function 'error_log':
../src/error_handling.c:48:13: warning: implicit declaration of function 'clear_message_queue' [-Wimplicit-function-declaration]
             clear_message_queue();
             ^~~~~~~~~~~~~~~~~~~
../src/error_handling.c:59:13: warning: implicit declaration of function 'retry_message_handling' [-Wimplicit-function-declaration]
             retry_message_handling();
             ^~~~~~~~~~~~~~~~~~~~~~
../src/error_handling.c:70:9: warning: implicit declaration of function 'is_critical_error' [-Wimplicit-function-declaration]
     if (is_critical_error(error_code)) {
         ^~~~~~~~~~~~~~~~~
../src/error_handling.c: At top level:
../src/error_handling.c:82:6: warning: conflicting types for 'clear_message_queue'
 void clear_message_queue() {
      ^~~~~~~~~~~~~~~~~~~
../src/error_handling.c:48:13: note: previous implicit declaration of 'clear_message_queue' was here
             clear_message_queue();
             ^~~~~~~~~~~~~~~~~~~
../src/error_handling.c:114:6: warning: conflicting types for 'retry_message_handling'
 void retry_message_handling() {
      ^~~~~~~~~~~~~~~~~~~~~~
../src/error_handling.c:59:13: note: previous implicit declaration of 'retry_message_handling' was here
             retry_message_handling();
             ^~~~~~~~~~~~~~~~~~~~~~
'Finished building: ../src/error_handling.c'
' '
'Building file: ../src/freertos_tcp_perf_client.c'
'Invoking: ARM v7 gcc compiler'
arm-none-eabi-gcc -Wall -O0 -g3 -c -fmessage-length=0 -MT"src/freertos_tcp_perf_client.o" -mcpu=cortex-a9 -mfpu=vfpv3 -mfloat-abi=hard -I../../assemblyLine_bsp/ps7_cortexa9_0/include -MMD -MP -MF"src/freertos_tcp_perf_client.d" -MT"src/freertos_tcp_perf_client.o" -o "src/freertos_tcp_perf_client.o" "../src/freertos_tcp_perf_client.c"
'Finished building: ../src/freertos_tcp_perf_client.c'
' '
'Building file: ../src/i2c_access.c'
'Invoking: ARM v7 gcc compiler'
arm-none-eabi-gcc -Wall -O0 -g3 -c -fmessage-length=0 -MT"src/i2c_access.o" -mcpu=cortex-a9 -mfpu=vfpv3 -mfloat-abi=hard -I../../assemblyLine_bsp/ps7_cortexa9_0/include -MMD -MP -MF"src/i2c_access.d" -MT"src/i2c_access.o" -o "src/i2c_access.o" "../src/i2c_access.c"
'Finished building: ../src/i2c_access.c'
' '
'Building file: ../src/iic_phyreset.c'
'Invoking: ARM v7 gcc compiler'
arm-none-eabi-gcc -Wall -O0 -g3 -c -fmessage-length=0 -MT"src/iic_phyreset.o" -mcpu=cortex-a9 -mfpu=vfpv3 -mfloat-abi=hard -I../../assemblyLine_bsp/ps7_cortexa9_0/include -MMD -MP -MF"src/iic_phyreset.d" -MT"src/iic_phyreset.o" -o "src/iic_phyreset.o" "../src/iic_phyreset.c"
'Finished building: ../src/iic_phyreset.c'
' '
'Building file: ../src/key.c'
'Invoking: ARM v7 gcc compiler'
arm-none-eabi-gcc -Wall -O0 -g3 -c -fmessage-length=0 -MT"src/key.o" -mcpu=cortex-a9 -mfpu=vfpv3 -mfloat-abi=hard -I../../assemblyLine_bsp/ps7_cortexa9_0/include -MMD -MP -MF"src/key.d" -MT"src/key.o" -o "src/key.o" "../src/key.c"
'Finished building: ../src/key.c'
' '
'Building file: ../src/limit_switch.c'
'Invoking: ARM v7 gcc compiler'
arm-none-eabi-gcc -Wall -O0 -g3 -c -fmessage-length=0 -MT"src/limit_switch.o" -mcpu=cortex-a9 -mfpu=vfpv3 -mfloat-abi=hard -I../../assemblyLine_bsp/ps7_cortexa9_0/include -MMD -MP -MF"src/limit_switch.d" -MT"src/limit_switch.o" -o "src/limit_switch.o" "../src/limit_switch.c"
../src/limit_switch.c:5:16: warning: 'gpio_inst' defined but not used [-Wunused-variable]
 static XGpioPs gpio_inst;
                ^~~~~~~~~
'Finished building: ../src/limit_switch.c'
' '
'Building file: ../src/main.c'
'Invoking: ARM v7 gcc compiler'
arm-none-eabi-gcc -Wall -O0 -g3 -c -fmessage-length=0 -MT"src/main.o" -mcpu=cortex-a9 -mfpu=vfpv3 -mfloat-abi=hard -I../../assemblyLine_bsp/ps7_cortexa9_0/include -MMD -MP -MF"src/main.d" -MT"src/main.o" -o "src/main.o" "../src/main.c"
In file included from ../src/main.c:4:0:
../src/robotic_arm.h:10:0: warning: "MSG_ROBOTIC_ARM_LOAD" redefined
 #define MSG_ROBOTIC_ARM_LOAD    3
 
In file included from ../src/main.c:3:0:
../src/state_machine.h:19:0: note: this is the location of the previous definition
 #define MSG_ROBOTIC_ARM_LOAD    104
 
In file included from ../src/main.c:4:0:
../src/robotic_arm.h:11:0: warning: "MSG_ROBOTIC_ARM_UNLOAD" redefined
 #define MSG_ROBOTIC_ARM_UNLOAD  4
 
In file included from ../src/main.c:3:0:
../src/state_machine.h:20:0: note: this is the location of the previous definition
 #define MSG_ROBOTIC_ARM_UNLOAD  105
 
In file included from ../src/main.c:5:0:
../src/three_axes_platform.h:8:0: warning: "MSG_THREE_AXES_PLATFORM_START" redefined
 #define MSG_THREE_AXES_PLATFORM_START       1
 
In file included from ../src/main.c:3:0:
../src/state_machine.h:21:0: note: this is the location of the previous definition
 #define MSG_THREE_AXES_PLATFORM_START   106
 
../src/main.c: In function 'main':
../src/main.c:13:5: warning: implicit declaration of function 'xTaskCreate'; did you mean 'xTaskHandle'? [-Wimplicit-function-declaration]
     xTaskCreate(state_machine_task, "StateMachine", configMINIMAL_STACK_SIZE, NULL, 1, NULL);
     ^~~~~~~~~~~
     xTaskHandle
../src/main.c:19:5: warning: implicit declaration of function 'vTaskStartScheduler'; did you mean 'xPortStartScheduler'? [-Wimplicit-function-declaration]
     vTaskStartScheduler();
     ^~~~~~~~~~~~~~~~~~~
     xPortStartScheduler
'Finished building: ../src/main.c'
' '
'Building file: ../src/message_center.c'
'Invoking: ARM v7 gcc compiler'
arm-none-eabi-gcc -Wall -O0 -g3 -c -fmessage-length=0 -MT"src/message_center.o" -mcpu=cortex-a9 -mfpu=vfpv3 -mfloat-abi=hard -I../../assemblyLine_bsp/ps7_cortexa9_0/include -MMD -MP -MF"src/message_center.d" -MT"src/message_center.o" -o "src/message_center.o" "../src/message_center.c"
../src/message_center.c: In function 'message_center_init':
../src/message_center.c:14:5: warning: implicit declaration of function 'xTaskCreate'; did you mean 'xTaskHandle'? [-Wimplicit-function-declaration]
     xTaskCreate(MessageCenterTask, "MessageCenter", MESSAGE_CENTER_TASK_STACK_SIZE, NULL, 1, NULL);
     ^~~~~~~~~~~
     xTaskHandle
'Finished building: ../src/message_center.c'
' '
'Building file: ../src/platform.c'
'Invoking: ARM v7 gcc compiler'
arm-none-eabi-gcc -Wall -O0 -g3 -c -fmessage-length=0 -MT"src/platform.o" -mcpu=cortex-a9 -mfpu=vfpv3 -mfloat-abi=hard -I../../assemblyLine_bsp/ps7_cortexa9_0/include -MMD -MP -MF"src/platform.d" -MT"src/platform.o" -o "src/platform.o" "../src/platform.c"
'Finished building: ../src/platform.c'
' '
'Building file: ../src/platform_mb.c'
'Invoking: ARM v7 gcc compiler'
arm-none-eabi-gcc -Wall -O0 -g3 -c -fmessage-length=0 -MT"src/platform_mb.o" -mcpu=cortex-a9 -mfpu=vfpv3 -mfloat-abi=hard -I../../assemblyLine_bsp/ps7_cortexa9_0/include -MMD -MP -MF"src/platform_mb.d" -MT"src/platform_mb.o" -o "src/platform_mb.o" "../src/platform_mb.c"
'Finished building: ../src/platform_mb.c'
' '
'Building file: ../src/platform_ppc.c'
'Invoking: ARM v7 gcc compiler'
arm-none-eabi-gcc -Wall -O0 -g3 -c -fmessage-length=0 -MT"src/platform_ppc.o" -mcpu=cortex-a9 -mfpu=vfpv3 -mfloat-abi=hard -I../../assemblyLine_bsp/ps7_cortexa9_0/include -MMD -MP -MF"src/platform_ppc.d" -MT"src/platform_ppc.o" -o "src/platform_ppc.o" "../src/platform_ppc.c"
'Finished building: ../src/platform_ppc.c'
' '
'Building file: ../src/platform_zynqmp.c'
'Invoking: ARM v7 gcc compiler'
arm-none-eabi-gcc -Wall -O0 -g3 -c -fmessage-length=0 -MT"src/platform_zynqmp.o" -mcpu=cortex-a9 -mfpu=vfpv3 -mfloat-abi=hard -I../../assemblyLine_bsp/ps7_cortexa9_0/include -MMD -MP -MF"src/platform_zynqmp.d" -MT"src/platform_zynqmp.o" -o "src/platform_zynqmp.o" "../src/platform_zynqmp.c"
'Finished building: ../src/platform_zynqmp.c'
' '
'Building file: ../src/robotic_arm.c'
'Invoking: ARM v7 gcc compiler'
arm-none-eabi-gcc -Wall -O0 -g3 -c -fmessage-length=0 -MT"src/robotic_arm.o" -mcpu=cortex-a9 -mfpu=vfpv3 -mfloat-abi=hard -I../../assemblyLine_bsp/ps7_cortexa9_0/include -MMD -MP -MF"src/robotic_arm.d" -MT"src/robotic_arm.o" -o "src/robotic_arm.o" "../src/robotic_arm.c"
'Finished building: ../src/robotic_arm.c'
' '
'Building file: ../src/sfp.c'
'Invoking: ARM v7 gcc compiler'
arm-none-eabi-gcc -Wall -O0 -g3 -c -fmessage-length=0 -MT"src/sfp.o" -mcpu=cortex-a9 -mfpu=vfpv3 -mfloat-abi=hard -I../../assemblyLine_bsp/ps7_cortexa9_0/include -MMD -MP -MF"src/sfp.d" -MT"src/sfp.o" -o "src/sfp.o" "../src/sfp.c"
'Finished building: ../src/sfp.c'
' '
'Building file: ../src/si5324.c'
'Invoking: ARM v7 gcc compiler'
arm-none-eabi-gcc -Wall -O0 -g3 -c -fmessage-length=0 -MT"src/si5324.o" -mcpu=cortex-a9 -mfpu=vfpv3 -mfloat-abi=hard -I../../assemblyLine_bsp/ps7_cortexa9_0/include -MMD -MP -MF"src/si5324.d" -MT"src/si5324.o" -o "src/si5324.o" "../src/si5324.c"
'Finished building: ../src/si5324.c'
' '
'Building file: ../src/state_machine.c'
'Invoking: ARM v7 gcc compiler'
arm-none-eabi-gcc -Wall -O0 -g3 -c -fmessage-length=0 -MT"src/state_machine.o" -mcpu=cortex-a9 -mfpu=vfpv3 -mfloat-abi=hard -I../../assemblyLine_bsp/ps7_cortexa9_0/include -MMD -MP -MF"src/state_machine.d" -MT"src/state_machine.o" -o "src/state_machine.o" "../src/state_machine.c"
../src/state_machine.c: In function 'state_machine_task':
../src/state_machine.c:35:24: warning: 'msg.id' may be used uninitialized in this function [-Wmaybe-uninitialized]
                 if (msg.id == MSG_START) {
                     ~~~^~~
../src/state_machine.c:45:24: warning: 'msg.id' may be used uninitialized in this function [-Wmaybe-uninitialized]
                 if (msg.id == MSG_LOADING_DONE) {
                     ~~~^~~
../src/state_machine.c:55:24: warning: 'msg.id' may be used uninitialized in this function [-Wmaybe-uninitialized]
                 if (msg.id == MSG_PROCESSING_DONE) {
                     ~~~^~~
../src/state_machine.c:65:24: warning: 'msg.id' may be used uninitialized in this function [-Wmaybe-uninitialized]
                 if (msg.id == MSG_UNLOADING_DONE) {
                     ~~~^~~
../src/state_machine.c:72:24: warning: 'msg.id' may be used uninitialized in this function [-Wmaybe-uninitialized]
                 if (msg.id == MSG_PRINT_START) {
                     ~~~^~~
../src/state_machine.c:81:24: warning: 'msg.id' may be used uninitialized in this function [-Wmaybe-uninitialized]
                 if (msg.id == MSG_PRINT_DONE) {
                     ~~~^~~
'Finished building: ../src/state_machine.c'
' '
'Building file: ../src/stepper_motor.c'
'Invoking: ARM v7 gcc compiler'
arm-none-eabi-gcc -Wall -O0 -g3 -c -fmessage-length=0 -MT"src/stepper_motor.o" -mcpu=cortex-a9 -mfpu=vfpv3 -mfloat-abi=hard -I../../assemblyLine_bsp/ps7_cortexa9_0/include -MMD -MP -MF"src/stepper_motor.d" -MT"src/stepper_motor.o" -o "src/stepper_motor.o" "../src/stepper_motor.c"
../src/stepper_motor.c:5:16: warning: 'gpio_inst' defined but not used [-Wunused-variable]
 static XGpioPs gpio_inst;
                ^~~~~~~~~
'Finished building: ../src/stepper_motor.c'
' '
'Building file: ../src/three_axes_platform.c'
'Invoking: ARM v7 gcc compiler'
arm-none-eabi-gcc -Wall -O0 -g3 -c -fmessage-length=0 -MT"src/three_axes_platform.o" -mcpu=cortex-a9 -mfpu=vfpv3 -mfloat-abi=hard -I../../assemblyLine_bsp/ps7_cortexa9_0/include -MMD -MP -MF"src/three_axes_platform.d" -MT"src/three_axes_platform.o" -o "src/three_axes_platform.o" "../src/three_axes_platform.c"
../src/three_axes_platform.c: In function 'three_axes_platform_task':
../src/three_axes_platform.c:47:20: warning: 'msg.id' is used uninitialized in this function [-Wuninitialized]
         switch (msg.id) {
                 ~~~^~~
'Finished building: ../src/three_axes_platform.c'
' '
'Building target: assemblyLine.elf'
'Invoking: ARM v7 gcc linker'
arm-none-eabi-gcc -mcpu=cortex-a9 -mfpu=vfpv3 -mfloat-abi=hard -Wl,-build-id=none -specs=Xilinx.spec -Wl,-T -Wl,../src/lscript.ld -L../../assemblyLine_bsp/ps7_cortexa9_0/lib -o "assemblyLine.elf"  ./src/error_handling.o ./src/freertos_tcp_perf_client.o ./src/i2c_access.o ./src/iic_phyreset.o ./src/key.o ./src/limit_switch.o ./src/main.o ./src/message_center.o ./src/platform.o ./src/platform_mb.o ./src/platform_ppc.o ./src/platform_zynqmp.o ./src/robotic_arm.o ./src/sfp.o ./src/si5324.o ./src/state_machine.o ./src/stepper_motor.o ./src/three_axes_platform.o   -Wl,--start-group,-lxil,-lfreertos,-lgcc,-lc,--end-group -Wl,--start-group,-lxil,-llwip4,-lgcc,-lc,--end-group
d:/xilinx/sdk/2018.3/gnu/aarch32/nt/gcc-arm-none-eabi/bin/../arm-none-eabi/libc/usr/lib/v7-a/fpv3/hard\libc.a(lib_a-gettimeofdayr.o): In function `_gettimeofday_r':
gettimeofdayr.c:(.text+0x24): undefined reference to `_gettimeofday'
collect2.exe: error: ld returned 1 exit status
make: *** [makefile:41: assemblyLine.elf] Error 1
21:02:59 **** Build of project assemblyLine_bsp ****
make -k all 
"Running Make include in ps7_cortexa9_0/libsrc/coresightps_dcc_v1_4/src"
make -C ps7_cortexa9_0/libsrc/coresightps_dcc_v1_4/src -s include  "SHELL=CMD" "COMPILER=arm-none-eabi-gcc" "ARCHIVER=arm-none-eabi-ar" "COMPILER_FLAGS=  -O2 -c" "EXTRA_COMPILER_FLAGS=-mcpu=cortex-a9 -mfpu=vfpv3 -mfloat-abi=hard -nostartfiles -g -Wall -Wextra"
"Running Make include in ps7_cortexa9_0/libsrc/cpu_cortexa9_v2_7/src"
make -C ps7_cortexa9_0/libsrc/cpu_cortexa9_v2_7/src -s include  "SHELL=CMD" "COMPILER=arm-none-eabi-gcc" "ARCHIVER=arm-none-eabi-ar" "COMPILER_FLAGS=  -O2 -c" "EXTRA_COMPILER_FLAGS=-mcpu=cortex-a9 -mfpu=vfpv3 -mfloat-abi=hard -nostartfiles -g -Wall -Wextra"
"Running Make include in ps7_cortexa9_0/libsrc/ddrps_v1_0/src"
make -C ps7_cortexa9_0/libsrc/ddrps_v1_0/src -s include  "SHELL=CMD" "COMPILER=arm-none-eabi-gcc" "ARCHIVER=arm-none-eabi-ar" "COMPILER_FLAGS=  -O2 -c" "EXTRA_COMPILER_FLAGS=-mcpu=cortex-a9 -mfpu=vfpv3 -mfloat-abi=hard -nostartfiles -g -Wall -Wextra"
"Running Make include in ps7_cortexa9_0/libsrc/devcfg_v3_5/src"
make -C ps7_cortexa9_0/libsrc/devcfg_v3_5/src -s include  "SHELL=CMD" "COMPILER=arm-none-eabi-gcc" "ARCHIVER=arm-none-eabi-ar" "COMPILER_FLAGS=  -O2 -c" "EXTRA_COMPILER_FLAGS=-mcpu=cortex-a9 -mfpu=vfpv3 -mfloat-abi=hard -nostartfiles -g -Wall -Wextra"
"Running Make include in ps7_cortexa9_0/libsrc/dmaps_v2_4/src"
make -C ps7_cortexa9_0/libsrc/dmaps_v2_4/src -s include  "SHELL=CMD" "COMPILER=arm-none-eabi-gcc" "ARCHIVER=arm-none-eabi-ar" "COMPILER_FLAGS=  -O2 -c" "EXTRA_COMPILER_FLAGS=-mcpu=cortex-a9 -mfpu=vfpv3 -mfloat-abi=hard -nostartfiles -g -Wall -Wextra"
"Running Make include in ps7_cortexa9_0/libsrc/emacps_v3_8/src"
make -C ps7_cortexa9_0/libsrc/emacps_v3_8/src -s include  "SHELL=CMD" "COMPILER=arm-none-eabi-gcc" "ARCHIVER=arm-none-eabi-ar" "COMPILER_FLAGS=  -O2 -c" "EXTRA_COMPILER_FLAGS=-mcpu=cortex-a9 -mfpu=vfpv3 -mfloat-abi=hard -nostartfiles -g -Wall -Wextra"
"Running Make include in ps7_cortexa9_0/libsrc/freertos10_xilinx_v1_2/src"
make -C ps7_cortexa9_0/libsrc/freertos10_xilinx_v1_2/src -s include  "SHELL=CMD" "COMPILER=arm-none-eabi-gcc" "ARCHIVER=arm-none-eabi-ar" "COMPILER_FLAGS=  -O2 -c" "EXTRA_COMPILER_FLAGS=-mcpu=cortex-a9 -mfpu=vfpv3 -mfloat-abi=hard -nostartfiles -g -Wall -Wextra"
"include"
"Running Make include in ps7_cortexa9_0/libsrc/lwip202_v1_2/src"
make -C ps7_cortexa9_0/libsrc/lwip202_v1_2/src -s include  "SHELL=CMD" "COMPILER=arm-none-eabi-gcc" "ARCHIVER=arm-none-eabi-ar" "COMPILER_FLAGS=  -O2 -c" "EXTRA_COMPILER_FLAGS=-mcpu=cortex-a9 -mfpu=vfpv3 -mfloat-abi=hard -nostartfiles -g -Wall -Wextra"
"Running Make include in ps7_cortexa9_0/libsrc/qspips_v3_5/src"
make -C ps7_cortexa9_0/libsrc/qspips_v3_5/src -s include  "SHELL=CMD" "COMPILER=arm-none-eabi-gcc" "ARCHIVER=arm-none-eabi-ar" "COMPILER_FLAGS=  -O2 -c" "EXTRA_COMPILER_FLAGS=-mcpu=cortex-a9 -mfpu=vfpv3 -mfloat-abi=hard -nostartfiles -g -Wall -Wextra"
"Running Make include in ps7_cortexa9_0/libsrc/scugic_v3_10/src"
make -C ps7_cortexa9_0/libsrc/scugic_v3_10/src -s include  "SHELL=CMD" "COMPILER=arm-none-eabi-gcc" "ARCHIVER=arm-none-eabi-ar" "COMPILER_FLAGS=  -O2 -c" "EXTRA_COMPILER_FLAGS=-mcpu=cortex-a9 -mfpu=vfpv3 -mfloat-abi=hard -nostartfiles -g -Wall -Wextra"
"Running Make include in ps7_cortexa9_0/libsrc/scutimer_v2_1/src"
make -C ps7_cortexa9_0/libsrc/scutimer_v2_1/src -s include  "SHELL=CMD" "COMPILER=arm-none-eabi-gcc" "ARCHIVER=arm-none-eabi-ar" "COMPILER_FLAGS=  -O2 -c" "EXTRA_COMPILER_FLAGS=-mcpu=cortex-a9 -mfpu=vfpv3 -mfloat-abi=hard -nostartfiles -g -Wall -Wextra"
"Running Make include in ps7_cortexa9_0/libsrc/scuwdt_v2_1/src"
make -C ps7_cortexa9_0/libsrc/scuwdt_v2_1/src -s include  "SHELL=CMD" "COMPILER=arm-none-eabi-gcc" "ARCHIVER=arm-none-eabi-ar" "COMPILER_FLAGS=  -O2 -c" "EXTRA_COMPILER_FLAGS=-mcpu=cortex-a9 -mfpu=vfpv3 -mfloat-abi=hard -nostartfiles -g -Wall -Wextra"
"Running Make include in ps7_cortexa9_0/libsrc/sdps_v3_6/src"
make -C ps7_cortexa9_0/libsrc/sdps_v3_6/src -s include  "SHELL=CMD" "COMPILER=arm-none-eabi-gcc" "ARCHIVER=arm-none-eabi-ar" "COMPILER_FLAGS=  -O2 -c" "EXTRA_COMPILER_FLAGS=-mcpu=cortex-a9 -mfpu=vfpv3 -mfloat-abi=hard -nostartfiles -g -Wall -Wextra"
"Running Make include in ps7_cortexa9_0/libsrc/uartps_v3_7/src"
make -C ps7_cortexa9_0/libsrc/uartps_v3_7/src -s include  "SHELL=CMD" "COMPILER=arm-none-eabi-gcc" "ARCHIVER=arm-none-eabi-ar" "COMPILER_FLAGS=  -O2 -c" "EXTRA_COMPILER_FLAGS=-mcpu=cortex-a9 -mfpu=vfpv3 -mfloat-abi=hard -nostartfiles -g -Wall -Wextra"
"Running Make include in ps7_cortexa9_0/libsrc/xadcps_v2_3/src"
make -C ps7_cortexa9_0/libsrc/xadcps_v2_3/src -s include  "SHELL=CMD" "COMPILER=arm-none-eabi-gcc" "ARCHIVER=arm-none-eabi-ar" "COMPILER_FLAGS=  -O2 -c" "EXTRA_COMPILER_FLAGS=-mcpu=cortex-a9 -mfpu=vfpv3 -mfloat-abi=hard -nostartfiles -g -Wall -Wextra"
"Running Make libs in ps7_cortexa9_0/libsrc/coresightps_dcc_v1_4/src"
make -C ps7_cortexa9_0/libsrc/coresightps_dcc_v1_4/src -s libs  "SHELL=CMD" "COMPILER=arm-none-eabi-gcc" "ARCHIVER=arm-none-eabi-ar" "COMPILER_FLAGS=  -O2 -c" "EXTRA_COMPILER_FLAGS=-mcpu=cortex-a9 -mfpu=vfpv3 -mfloat-abi=hard -nostartfiles -g -Wall -Wextra"
"Compiling coresightps_dcc"
"Running Make libs in ps7_cortexa9_0/libsrc/cpu_cortexa9_v2_7/src"
make -C ps7_cortexa9_0/libsrc/cpu_cortexa9_v2_7/src -s libs  "SHELL=CMD" "COMPILER=arm-none-eabi-gcc" "ARCHIVER=arm-none-eabi-ar" "COMPILER_FLAGS=  -O2 -c" "EXTRA_COMPILER_FLAGS=-mcpu=cortex-a9 -mfpu=vfpv3 -mfloat-abi=hard -nostartfiles -g -Wall -Wextra"
"Compiling cpu_cortexa9"
"Running Make libs in ps7_cortexa9_0/libsrc/ddrps_v1_0/src"
make -C ps7_cortexa9_0/libsrc/ddrps_v1_0/src -s libs  "SHELL=CMD" "COMPILER=arm-none-eabi-gcc" "ARCHIVER=arm-none-eabi-ar" "COMPILER_FLAGS=  -O2 -c" "EXTRA_COMPILER_FLAGS=-mcpu=cortex-a9 -mfpu=vfpv3 -mfloat-abi=hard -nostartfiles -g -Wall -Wextra"
"Compiling ddrps"
"Running Make libs in ps7_cortexa9_0/libsrc/devcfg_v3_5/src"
make -C ps7_cortexa9_0/libsrc/devcfg_v3_5/src -s libs  "SHELL=CMD" "COMPILER=arm-none-eabi-gcc" "ARCHIVER=arm-none-eabi-ar" "COMPILER_FLAGS=  -O2 -c" "EXTRA_COMPILER_FLAGS=-mcpu=cortex-a9 -mfpu=vfpv3 -mfloat-abi=hard -nostartfiles -g -Wall -Wextra"
"Compiling devcfg"
"Running Make libs in ps7_cortexa9_0/libsrc/dmaps_v2_4/src"
make -C ps7_cortexa9_0/libsrc/dmaps_v2_4/src -s libs  "SHELL=CMD" "COMPILER=arm-none-eabi-gcc" "ARCHIVER=arm-none-eabi-ar" "COMPILER_FLAGS=  -O2 -c" "EXTRA_COMPILER_FLAGS=-mcpu=cortex-a9 -mfpu=vfpv3 -mfloat-abi=hard -nostartfiles -g -Wall -Wextra"
"Compiling dmaps"
"Running Make libs in ps7_cortexa9_0/libsrc/emacps_v3_8/src"
make -C ps7_cortexa9_0/libsrc/emacps_v3_8/src -s libs  "SHELL=CMD" "COMPILER=arm-none-eabi-gcc" "ARCHIVER=arm-none-eabi-ar" "COMPILER_FLAGS=  -O2 -c" "EXTRA_COMPILER_FLAGS=-mcpu=cortex-a9 -mfpu=vfpv3 -mfloat-abi=hard -nostartfiles -g -Wall -Wextra"
"Compiling emacps"
"Running Make libs in ps7_cortexa9_0/libsrc/freertos10_xilinx_v1_2/src"
make -C ps7_cortexa9_0/libsrc/freertos10_xilinx_v1_2/src -s libs  "SHELL=CMD" "COMPILER=arm-none-eabi-gcc" "ARCHIVER=arm-none-eabi-ar" "COMPILER_FLAGS=  -O2 -c" "EXTRA_COMPILER_FLAGS=-mcpu=cortex-a9 -mfpu=vfpv3 -mfloat-abi=hard -nostartfiles -g -Wall -Wextra"
"Compiling standalone"
"Compiling FreeRTOS"
"Running Make libs in ps7_cortexa9_0/libsrc/lwip202_v1_2/src"
make -C ps7_cortexa9_0/libsrc/lwip202_v1_2/src -s libs  "SHELL=CMD" "COMPILER=arm-none-eabi-gcc" "ARCHIVER=arm-none-eabi-ar" "COMPILER_FLAGS=  -O2 -c" "EXTRA_COMPILER_FLAGS=-mcpu=cortex-a9 -mfpu=vfpv3 -mfloat-abi=hard -nostartfiles -g -Wall -Wextra"
"Compiling lwip src and adapter files"
"Running Make libs in ps7_cortexa9_0/libsrc/qspips_v3_5/src"
make -C ps7_cortexa9_0/libsrc/qspips_v3_5/src -s libs  "SHELL=CMD" "COMPILER=arm-none-eabi-gcc" "ARCHIVER=arm-none-eabi-ar" "COMPILER_FLAGS=  -O2 -c" "EXTRA_COMPILER_FLAGS=-mcpu=cortex-a9 -mfpu=vfpv3 -mfloat-abi=hard -nostartfiles -g -Wall -Wextra"
"Compiling qspips"
"Running Make libs in ps7_cortexa9_0/libsrc/scugic_v3_10/src"
make -C ps7_cortexa9_0/libsrc/scugic_v3_10/src -s libs  "SHELL=CMD" "COMPILER=arm-none-eabi-gcc" "ARCHIVER=arm-none-eabi-ar" "COMPILER_FLAGS=  -O2 -c" "EXTRA_COMPILER_FLAGS=-mcpu=cortex-a9 -mfpu=vfpv3 -mfloat-abi=hard -nostartfiles -g -Wall -Wextra"
"Compiling scugic"
"Running Make libs in ps7_cortexa9_0/libsrc/scutimer_v2_1/src"
make -C ps7_cortexa9_0/libsrc/scutimer_v2_1/src -s libs  "SHELL=CMD" "COMPILER=arm-none-eabi-gcc" "ARCHIVER=arm-none-eabi-ar" "COMPILER_FLAGS=  -O2 -c" "EXTRA_COMPILER_FLAGS=-mcpu=cortex-a9 -mfpu=vfpv3 -mfloat-abi=hard -nostartfiles -g -Wall -Wextra"
"Compiling scutimer"
"Running Make libs in ps7_cortexa9_0/libsrc/scuwdt_v2_1/src"
make -C ps7_cortexa9_0/libsrc/scuwdt_v2_1/src -s libs  "SHELL=CMD" "COMPILER=arm-none-eabi-gcc" "ARCHIVER=arm-none-eabi-ar" "COMPILER_FLAGS=  -O2 -c" "EXTRA_COMPILER_FLAGS=-mcpu=cortex-a9 -mfpu=vfpv3 -mfloat-abi=hard -nostartfiles -g -Wall -Wextra"
"Compiling scuwdt"
"Running Make libs in ps7_cortexa9_0/libsrc/sdps_v3_6/src"
make -C ps7_cortexa9_0/libsrc/sdps_v3_6/src -s libs  "SHELL=CMD" "COMPILER=arm-none-eabi-gcc" "ARCHIVER=arm-none-eabi-ar" "COMPILER_FLAGS=  -O2 -c" "EXTRA_COMPILER_FLAGS=-mcpu=cortex-a9 -mfpu=vfpv3 -mfloat-abi=hard -nostartfiles -g -Wall -Wextra"
"Compiling sdps"
"Running Make libs in ps7_cortexa9_0/libsrc/uartps_v3_7/src"
make -C ps7_cortexa9_0/libsrc/uartps_v3_7/src -s libs  "SHELL=CMD" "COMPILER=arm-none-eabi-gcc" "ARCHIVER=arm-none-eabi-ar" "COMPILER_FLAGS=  -O2 -c" "EXTRA_COMPILER_FLAGS=-mcpu=cortex-a9 -mfpu=vfpv3 -mfloat-abi=hard -nostartfiles -g -Wall -Wextra"
"Compiling uartps"
"Running Make libs in ps7_cortexa9_0/libsrc/xadcps_v2_3/src"
make -C ps7_cortexa9_0/libsrc/xadcps_v2_3/src -s libs  "SHELL=CMD" "COMPILER=arm-none-eabi-gcc" "ARCHIVER=arm-none-eabi-ar" "COMPILER_FLAGS=  -O2 -c" "EXTRA_COMPILER_FLAGS=-mcpu=cortex-a9 -mfpu=vfpv3 -mfloat-abi=hard -nostartfiles -g -Wall -Wextra"
"Compiling xadcps"
'Finished building libraries'
21:03:16 **** Auto Build of configuration Debug for project assemblyLine ****
make pre-build main-build 
a9-linaro-pre-build-step
' '
'Building file: ../src/freertos_tcp_perf_client.c'
'Invoking: ARM v7 gcc compiler'
arm-none-eabi-gcc -Wall -O0 -g3 -c -fmessage-length=0 -MT"src/freertos_tcp_perf_client.o" -mcpu=cortex-a9 -mfpu=vfpv3 -mfloat-abi=hard -I../../assemblyLine_bsp/ps7_cortexa9_0/include -MMD -MP -MF"src/freertos_tcp_perf_client.d" -MT"src/freertos_tcp_perf_client.o" -o "src/freertos_tcp_perf_client.o" "../src/freertos_tcp_perf_client.c"
'Finished building: ../src/freertos_tcp_perf_client.c'
' '
'Building file: ../src/i2c_access.c'
'Invoking: ARM v7 gcc compiler'
arm-none-eabi-gcc -Wall -O0 -g3 -c -fmessage-length=0 -MT"src/i2c_access.o" -mcpu=cortex-a9 -mfpu=vfpv3 -mfloat-abi=hard -I../../assemblyLine_bsp/ps7_cortexa9_0/include -MMD -MP -MF"src/i2c_access.d" -MT"src/i2c_access.o" -o "src/i2c_access.o" "../src/i2c_access.c"
'Finished building: ../src/i2c_access.c'
' '
'Building file: ../src/iic_phyreset.c'
'Invoking: ARM v7 gcc compiler'
arm-none-eabi-gcc -Wall -O0 -g3 -c -fmessage-length=0 -MT"src/iic_phyreset.o" -mcpu=cortex-a9 -mfpu=vfpv3 -mfloat-abi=hard -I../../assemblyLine_bsp/ps7_cortexa9_0/include -MMD -MP -MF"src/iic_phyreset.d" -MT"src/iic_phyreset.o" -o "src/iic_phyreset.o" "../src/iic_phyreset.c"
'Finished building: ../src/iic_phyreset.c'
' '
'Building file: ../src/key.c'
'Invoking: ARM v7 gcc compiler'
arm-none-eabi-gcc -Wall -O0 -g3 -c -fmessage-length=0 -MT"src/key.o" -mcpu=cortex-a9 -mfpu=vfpv3 -mfloat-abi=hard -I../../assemblyLine_bsp/ps7_cortexa9_0/include -MMD -MP -MF"src/key.d" -MT"src/key.o" -o "src/key.o" "../src/key.c"
'Finished building: ../src/key.c'
' '
'Building file: ../src/limit_switch.c'
'Invoking: ARM v7 gcc compiler'
arm-none-eabi-gcc -Wall -O0 -g3 -c -fmessage-length=0 -MT"src/limit_switch.o" -mcpu=cortex-a9 -mfpu=vfpv3 -mfloat-abi=hard -I../../assemblyLine_bsp/ps7_cortexa9_0/include -MMD -MP -MF"src/limit_switch.d" -MT"src/limit_switch.o" -o "src/limit_switch.o" "../src/limit_switch.c"
../src/limit_switch.c:5:16: warning: 'gpio_inst' defined but not used [-Wunused-variable]
 static XGpioPs gpio_inst;
                ^~~~~~~~~
'Finished building: ../src/limit_switch.c'
' '
'Building file: ../src/main.c'
'Invoking: ARM v7 gcc compiler'
arm-none-eabi-gcc -Wall -O0 -g3 -c -fmessage-length=0 -MT"src/main.o" -mcpu=cortex-a9 -mfpu=vfpv3 -mfloat-abi=hard -I../../assemblyLine_bsp/ps7_cortexa9_0/include -MMD -MP -MF"src/main.d" -MT"src/main.o" -o "src/main.o" "../src/main.c"
In file included from ../src/main.c:4:0:
../src/robotic_arm.h:10:0: warning: "MSG_ROBOTIC_ARM_LOAD" redefined
 #define MSG_ROBOTIC_ARM_LOAD    3
 
In file included from ../src/main.c:3:0:
../src/state_machine.h:19:0: note: this is the location of the previous definition
 #define MSG_ROBOTIC_ARM_LOAD    104
 
In file included from ../src/main.c:4:0:
../src/robotic_arm.h:11:0: warning: "MSG_ROBOTIC_ARM_UNLOAD" redefined
 #define MSG_ROBOTIC_ARM_UNLOAD  4
 
In file included from ../src/main.c:3:0:
../src/state_machine.h:20:0: note: this is the location of the previous definition
 #define MSG_ROBOTIC_ARM_UNLOAD  105
 
In file included from ../src/main.c:5:0:
../src/three_axes_platform.h:8:0: warning: "MSG_THREE_AXES_PLATFORM_START" redefined
 #define MSG_THREE_AXES_PLATFORM_START       1
 
In file included from ../src/main.c:3:0:
../src/state_machine.h:21:0: note: this is the location of the previous definition
 #define MSG_THREE_AXES_PLATFORM_START   106
 
../src/main.c: In function 'main':
../src/main.c:13:5: warning: implicit declaration of function 'xTaskCreate'; did you mean 'xTaskHandle'? [-Wimplicit-function-declaration]
     xTaskCreate(state_machine_task, "StateMachine", configMINIMAL_STACK_SIZE, NULL, 1, NULL);
     ^~~~~~~~~~~
     xTaskHandle
../src/main.c:19:5: warning: implicit declaration of function 'vTaskStartScheduler'; did you mean 'xPortStartScheduler'? [-Wimplicit-function-declaration]
     vTaskStartScheduler();
     ^~~~~~~~~~~~~~~~~~~
     xPortStartScheduler
'Finished building: ../src/main.c'
' '
'Building file: ../src/message_center.c'
'Invoking: ARM v7 gcc compiler'
arm-none-eabi-gcc -Wall -O0 -g3 -c -fmessage-length=0 -MT"src/message_center.o" -mcpu=cortex-a9 -mfpu=vfpv3 -mfloat-abi=hard -I../../assemblyLine_bsp/ps7_cortexa9_0/include -MMD -MP -MF"src/message_center.d" -MT"src/message_center.o" -o "src/message_center.o" "../src/message_center.c"
../src/message_center.c: In function 'message_center_init':
../src/message_center.c:14:5: warning: implicit declaration of function 'xTaskCreate'; did you mean 'xTaskHandle'? [-Wimplicit-function-declaration]
     xTaskCreate(MessageCenterTask, "MessageCenter", MESSAGE_CENTER_TASK_STACK_SIZE, NULL, 1, NULL);
     ^~~~~~~~~~~
     xTaskHandle
'Finished building: ../src/message_center.c'
' '
'Building file: ../src/platform_zynqmp.c'
'Invoking: ARM v7 gcc compiler'
arm-none-eabi-gcc -Wall -O0 -g3 -c -fmessage-length=0 -MT"src/platform_zynqmp.o" -mcpu=cortex-a9 -mfpu=vfpv3 -mfloat-abi=hard -I../../assemblyLine_bsp/ps7_cortexa9_0/include -MMD -MP -MF"src/platform_zynqmp.d" -MT"src/platform_zynqmp.o" -o "src/platform_zynqmp.o" "../src/platform_zynqmp.c"
'Finished building: ../src/platform_zynqmp.c'
' '
'Building file: ../src/robotic_arm.c'
'Invoking: ARM v7 gcc compiler'
arm-none-eabi-gcc -Wall -O0 -g3 -c -fmessage-length=0 -MT"src/robotic_arm.o" -mcpu=cortex-a9 -mfpu=vfpv3 -mfloat-abi=hard -I../../assemblyLine_bsp/ps7_cortexa9_0/include -MMD -MP -MF"src/robotic_arm.d" -MT"src/robotic_arm.o" -o "src/robotic_arm.o" "../src/robotic_arm.c"
'Finished building: ../src/robotic_arm.c'
' '
'Building file: ../src/sfp.c'
'Invoking: ARM v7 gcc compiler'
arm-none-eabi-gcc -Wall -O0 -g3 -c -fmessage-length=0 -MT"src/sfp.o" -mcpu=cortex-a9 -mfpu=vfpv3 -mfloat-abi=hard -I../../assemblyLine_bsp/ps7_cortexa9_0/include -MMD -MP -MF"src/sfp.d" -MT"src/sfp.o" -o "src/sfp.o" "../src/sfp.c"
'Finished building: ../src/sfp.c'
' '
'Building file: ../src/si5324.c'
'Invoking: ARM v7 gcc compiler'
arm-none-eabi-gcc -Wall -O0 -g3 -c -fmessage-length=0 -MT"src/si5324.o" -mcpu=cortex-a9 -mfpu=vfpv3 -mfloat-abi=hard -I../../assemblyLine_bsp/ps7_cortexa9_0/include -MMD -MP -MF"src/si5324.d" -MT"src/si5324.o" -o "src/si5324.o" "../src/si5324.c"
'Finished building: ../src/si5324.c'
' '
'Building file: ../src/state_machine.c'
'Invoking: ARM v7 gcc compiler'
arm-none-eabi-gcc -Wall -O0 -g3 -c -fmessage-length=0 -MT"src/state_machine.o" -mcpu=cortex-a9 -mfpu=vfpv3 -mfloat-abi=hard -I../../assemblyLine_bsp/ps7_cortexa9_0/include -MMD -MP -MF"src/state_machine.d" -MT"src/state_machine.o" -o "src/state_machine.o" "../src/state_machine.c"
../src/state_machine.c: In function 'state_machine_task':
../src/state_machine.c:35:24: warning: 'msg.id' may be used uninitialized in this function [-Wmaybe-uninitialized]
                 if (msg.id == MSG_START) {
                     ~~~^~~
../src/state_machine.c:45:24: warning: 'msg.id' may be used uninitialized in this function [-Wmaybe-uninitialized]
                 if (msg.id == MSG_LOADING_DONE) {
                     ~~~^~~
../src/state_machine.c:55:24: warning: 'msg.id' may be used uninitialized in this function [-Wmaybe-uninitialized]
                 if (msg.id == MSG_PROCESSING_DONE) {
                     ~~~^~~
../src/state_machine.c:65:24: warning: 'msg.id' may be used uninitialized in this function [-Wmaybe-uninitialized]
                 if (msg.id == MSG_UNLOADING_DONE) {
                     ~~~^~~
../src/state_machine.c:72:24: warning: 'msg.id' may be used uninitialized in this function [-Wmaybe-uninitialized]
                 if (msg.id == MSG_PRINT_START) {
                     ~~~^~~
../src/state_machine.c:81:24: warning: 'msg.id' may be used uninitialized in this function [-Wmaybe-uninitialized]
                 if (msg.id == MSG_PRINT_DONE) {
                     ~~~^~~
'Finished building: ../src/state_machine.c'
' '
'Building file: ../src/stepper_motor.c'
'Invoking: ARM v7 gcc compiler'
arm-none-eabi-gcc -Wall -O0 -g3 -c -fmessage-length=0 -MT"src/stepper_motor.o" -mcpu=cortex-a9 -mfpu=vfpv3 -mfloat-abi=hard -I../../assemblyLine_bsp/ps7_cortexa9_0/include -MMD -MP -MF"src/stepper_motor.d" -MT"src/stepper_motor.o" -o "src/stepper_motor.o" "../src/stepper_motor.c"
../src/stepper_motor.c:5:16: warning: 'gpio_inst' defined but not used [-Wunused-variable]
 static XGpioPs gpio_inst;
                ^~~~~~~~~
'Finished building: ../src/stepper_motor.c'
' '
'Building file: ../src/three_axes_platform.c'
'Invoking: ARM v7 gcc compiler'
arm-none-eabi-gcc -Wall -O0 -g3 -c -fmessage-length=0 -MT"src/three_axes_platform.o" -mcpu=cortex-a9 -mfpu=vfpv3 -mfloat-abi=hard -I../../assemblyLine_bsp/ps7_cortexa9_0/include -MMD -MP -MF"src/three_axes_platform.d" -MT"src/three_axes_platform.o" -o "src/three_axes_platform.o" "../src/three_axes_platform.c"
../src/three_axes_platform.c: In function 'three_axes_platform_task':
../src/three_axes_platform.c:47:20: warning: 'msg.id' is used uninitialized in this function [-Wuninitialized]
         switch (msg.id) {
                 ~~~^~~
'Finished building: ../src/three_axes_platform.c'
' '
'Building target: assemblyLine.elf'
'Invoking: ARM v7 gcc linker'
arm-none-eabi-gcc -mcpu=cortex-a9 -mfpu=vfpv3 -mfloat-abi=hard -Wl,-build-id=none -specs=Xilinx.spec -Wl,-T -Wl,../src/lscript.ld -L../../assemblyLine_bsp/ps7_cortexa9_0/lib -o "assemblyLine.elf"  ./src/error_handling.o ./src/freertos_tcp_perf_client.o ./src/i2c_access.o ./src/iic_phyreset.o ./src/key.o ./src/limit_switch.o ./src/main.o ./src/message_center.o ./src/platform.o ./src/platform_mb.o ./src/platform_ppc.o ./src/platform_zynqmp.o ./src/robotic_arm.o ./src/sfp.o ./src/si5324.o ./src/state_machine.o ./src/stepper_motor.o ./src/three_axes_platform.o   -Wl,--start-group,-lxil,-lfreertos,-lgcc,-lc,--end-group -Wl,--start-group,-lxil,-llwip4,-lgcc,-lc,--end-group
d:/xilinx/sdk/2018.3/gnu/aarch32/nt/gcc-arm-none-eabi/bin/../arm-none-eabi/libc/usr/lib/v7-a/fpv3/hard\libc.a(lib_a-gettimeofdayr.o): In function `_gettimeofday_r':
gettimeofdayr.c:(.text+0x24): undefined reference to `_gettimeofday'
collect2.exe: error: ld returned 1 exit status
make: *** [makefile:41: assemblyLine.elf] Error 1
